[0.538s] DEBUG:colcon:Command line arguments: ['/usr/bin/colcon', 'build', '--packages-select', 'teamcream']
[0.539s] DEBUG:colcon:Parsed command line arguments: Namespace(log_base=None, log_level=None, verb_name='build', build_base='build', install_base='install', merge_install=False, symlink_install=False, test_result_base=None, continue_on_error=False, executor='parallel', parallel_workers=4, event_handlers=None, ignore_user_meta=False, metas=['./colcon.meta'], base_paths=['.'], packages_ignore=None, packages_ignore_regex=None, paths=None, packages_up_to=None, packages_up_to_regex=None, packages_above=None, packages_above_and_dependencies=None, packages_above_depth=None, packages_select_by_dep=None, packages_skip_by_dep=None, packages_skip_up_to=None, packages_select_build_failed=False, packages_skip_build_finished=False, packages_select_test_failures=False, packages_skip_test_passed=False, packages_select=['teamcream'], packages_skip=None, packages_select_regex=None, packages_skip_regex=None, packages_start=None, packages_end=None, allow_overriding=[], cmake_args=None, cmake_target=None, cmake_target_skip_unavailable=False, cmake_clean_cache=False, cmake_clean_first=False, cmake_force_configure=False, ament_cmake_args=None, catkin_cmake_args=None, catkin_skip_building_tests=False, mixin_files=None, mixin=None, verb_parser=<colcon_mixin.mixin.mixin_argument.MixinArgumentDecorator object at 0xffffbdbe0e90>, verb_extension=<colcon_core.verb.build.BuildVerb object at 0xffffbdbe0c50>, main=<bound method BuildVerb.main of <colcon_core.verb.build.BuildVerb object at 0xffffbdbe0c50>>, mixin_verb=('build',))
[0.724s] Level 1:colcon.colcon_core.package_discovery:discover_packages(colcon_meta) check parameters
[0.725s] Level 1:colcon.colcon_core.package_discovery:discover_packages(recursive) check parameters
[0.725s] Level 1:colcon.colcon_core.package_discovery:discover_packages(ignore) check parameters
[0.725s] Level 1:colcon.colcon_core.package_discovery:discover_packages(path) check parameters
[0.725s] Level 1:colcon.colcon_core.package_discovery:discover_packages(colcon_meta) discover
[0.726s] Level 1:colcon.colcon_core.package_discovery:discover_packages(recursive) discover
[0.726s] INFO:colcon.colcon_core.package_discovery:Crawling recursively for packages in '/home/eugene/auvc_ws/src/teamcream'
[0.726s] Level 1:colcon.colcon_core.package_identification:_identify(.) by extensions ['ignore', 'ignore_ament_install']
[0.727s] Level 1:colcon.colcon_core.package_identification:_identify(.) by extension 'ignore'
[0.727s] Level 1:colcon.colcon_core.package_identification:_identify(.) by extension 'ignore_ament_install'
[0.727s] Level 1:colcon.colcon_core.package_identification:_identify(.) by extensions ['colcon_pkg']
[0.727s] Level 1:colcon.colcon_core.package_identification:_identify(.) by extension 'colcon_pkg'
[0.727s] Level 1:colcon.colcon_core.package_identification:_identify(.) by extensions ['colcon_meta']
[0.727s] Level 1:colcon.colcon_core.package_identification:_identify(.) by extension 'colcon_meta'
[0.727s] Level 1:colcon.colcon_core.package_identification:_identify(.) by extensions ['ros']
[0.728s] Level 1:colcon.colcon_core.package_identification:_identify(.) by extension 'ros'
[0.852s] DEBUG:colcon.colcon_core.package_identification:Package '.' with type 'ros.ament_python' and name 'teamcream'
[0.852s] Level 1:colcon.colcon_core.package_discovery:discover_packages(recursive) using defaults
[0.852s] Level 1:colcon.colcon_core.package_discovery:discover_packages(ignore) discover
[0.852s] Level 1:colcon.colcon_core.package_discovery:discover_packages(ignore) using defaults
[0.852s] Level 1:colcon.colcon_core.package_discovery:discover_packages(path) discover
[0.853s] Level 1:colcon.colcon_core.package_discovery:discover_packages(path) using defaults
[0.925s] Level 1:colcon.colcon_core.package_discovery:discover_packages(prefix_path) check parameters
[0.925s] Level 1:colcon.colcon_core.package_discovery:discover_packages(prefix_path) discover
[0.935s] DEBUG:colcon.colcon_installed_package_information.package_discovery:Found 5 installed packages in /home/eugene/auvc_ws/install
[0.945s] DEBUG:colcon.colcon_installed_package_information.package_discovery:Found 257 installed packages in /opt/ros/jazzy
[0.952s] Level 1:colcon.colcon_core.package_discovery:discover_packages(prefix_path) using defaults
[1.133s] Level 5:colcon.colcon_core.verb:set package 'teamcream' build argument 'cmake_args' from command line to 'None'
[1.133s] Level 5:colcon.colcon_core.verb:set package 'teamcream' build argument 'cmake_target' from command line to 'None'
[1.133s] Level 5:colcon.colcon_core.verb:set package 'teamcream' build argument 'cmake_target_skip_unavailable' from command line to 'False'
[1.134s] Level 5:colcon.colcon_core.verb:set package 'teamcream' build argument 'cmake_clean_cache' from command line to 'False'
[1.134s] Level 5:colcon.colcon_core.verb:set package 'teamcream' build argument 'cmake_clean_first' from command line to 'False'
[1.134s] Level 5:colcon.colcon_core.verb:set package 'teamcream' build argument 'cmake_force_configure' from command line to 'False'
[1.134s] Level 5:colcon.colcon_core.verb:set package 'teamcream' build argument 'ament_cmake_args' from command line to 'None'
[1.134s] Level 5:colcon.colcon_core.verb:set package 'teamcream' build argument 'catkin_cmake_args' from command line to 'None'
[1.134s] Level 5:colcon.colcon_core.verb:set package 'teamcream' build argument 'catkin_skip_building_tests' from command line to 'False'
[1.134s] DEBUG:colcon.colcon_core.verb:Building package 'teamcream' with the following arguments: {'ament_cmake_args': None, 'build_base': '/home/eugene/auvc_ws/src/teamcream/build/teamcream', 'catkin_cmake_args': None, 'catkin_skip_building_tests': False, 'cmake_args': None, 'cmake_clean_cache': False, 'cmake_clean_first': False, 'cmake_force_configure': False, 'cmake_target': None, 'cmake_target_skip_unavailable': False, 'install_base': '/home/eugene/auvc_ws/src/teamcream/install/teamcream', 'merge_install': False, 'path': '/home/eugene/auvc_ws/src/teamcream', 'symlink_install': False, 'test_result_base': None}
[1.135s] INFO:colcon.colcon_core.executor:Executing jobs using 'parallel' executor
[1.138s] DEBUG:colcon.colcon_parallel_executor.executor.parallel:run_until_complete
[1.139s] INFO:colcon.colcon_ros.task.ament_python.build:Building ROS package in '/home/eugene/auvc_ws/src/teamcream' with build type 'ament_python'
[1.139s] Level 1:colcon.colcon_core.shell:create_environment_hook('teamcream', 'ament_prefix_path')
[1.149s] INFO:colcon.colcon_core.plugin_system:Skipping extension 'colcon_core.shell.bat': Not used on non-Windows systems
[1.149s] INFO:colcon.colcon_core.shell:Creating environment hook '/home/eugene/auvc_ws/src/teamcream/install/teamcream/share/teamcream/hook/ament_prefix_path.ps1'
[1.152s] INFO:colcon.colcon_core.shell:Creating environment descriptor '/home/eugene/auvc_ws/src/teamcream/install/teamcream/share/teamcream/hook/ament_prefix_path.dsv'
[1.154s] INFO:colcon.colcon_core.shell:Creating environment hook '/home/eugene/auvc_ws/src/teamcream/install/teamcream/share/teamcream/hook/ament_prefix_path.sh'
[1.157s] INFO:colcon.colcon_core.shell:Skip shell extension 'powershell' for command environment: Not usable outside of PowerShell
[1.157s] DEBUG:colcon.colcon_core.shell:Skip shell extension 'dsv' for command environment
[2.373s] INFO:colcon.colcon_core.task.python.build:Building Python package in '/home/eugene/auvc_ws/src/teamcream'
[2.374s] INFO:colcon.colcon_core.shell:Skip shell extension 'powershell' for command environment: Not usable outside of PowerShell
[2.374s] DEBUG:colcon.colcon_core.shell:Skip shell extension 'dsv' for command environment
[5.725s] DEBUG:colcon.colcon_core.event_handler.log_command:Invoking command in '/home/eugene/auvc_ws/src/teamcream': PYTHONPATH=/home/eugene/auvc_ws/src/teamcream/build/teamcream/prefix_override:/usr/lib/python3/dist-packages/colcon_core/task/python/colcon_distutils_commands:/home/eugene/auvc_ws/src/teamcream/install/teamcream/lib/python3.12/site-packages:${PYTHONPATH} /usr/bin/python3 -W ignore:setup.py install is deprecated -W ignore:easy_install command is deprecated setup.py egg_info --egg-base build/teamcream build --build-base /home/eugene/auvc_ws/src/teamcream/build/teamcream/build install --record /home/eugene/auvc_ws/src/teamcream/build/teamcream/install.log --single-version-externally-managed install_data
[9.068s] DEBUG:colcon.colcon_core.event_handler.log_command:Invoked command in '/home/eugene/auvc_ws/src/teamcream' returned '0': PYTHONPATH=/home/eugene/auvc_ws/src/teamcream/build/teamcream/prefix_override:/usr/lib/python3/dist-packages/colcon_core/task/python/colcon_distutils_commands:/home/eugene/auvc_ws/src/teamcream/install/teamcream/lib/python3.12/site-packages:${PYTHONPATH} /usr/bin/python3 -W ignore:setup.py install is deprecated -W ignore:easy_install command is deprecated setup.py egg_info --egg-base build/teamcream build --build-base /home/eugene/auvc_ws/src/teamcream/build/teamcream/build install --record /home/eugene/auvc_ws/src/teamcream/build/teamcream/install.log --single-version-externally-managed install_data
[9.091s] Level 1:colcon.colcon_core.environment:checking '/home/eugene/auvc_ws/src/teamcream/install/teamcream' for CMake module files
[9.099s] Level 1:colcon.colcon_core.environment:checking '/home/eugene/auvc_ws/src/teamcream/install/teamcream' for CMake config files
[9.108s] Level 1:colcon.colcon_core.environment:checking '/home/eugene/auvc_ws/src/teamcream/install/teamcream/lib'
[9.109s] Level 1:colcon.colcon_core.environment:checking '/home/eugene/auvc_ws/src/teamcream/install/teamcream/bin'
[9.109s] Level 1:colcon.colcon_core.environment:checking '/home/eugene/auvc_ws/src/teamcream/install/teamcream/lib/pkgconfig/teamcream.pc'
[9.111s] Level 1:colcon.colcon_core.environment:checking '/home/eugene/auvc_ws/src/teamcream/install/teamcream/lib/python3.12/site-packages'
[9.112s] Level 1:colcon.colcon_core.shell:create_environment_hook('teamcream', 'pythonpath')
[9.113s] INFO:colcon.colcon_core.shell:Creating environment hook '/home/eugene/auvc_ws/src/teamcream/install/teamcream/share/teamcream/hook/pythonpath.ps1'
[9.116s] INFO:colcon.colcon_core.shell:Creating environment descriptor '/home/eugene/auvc_ws/src/teamcream/install/teamcream/share/teamcream/hook/pythonpath.dsv'
[9.119s] INFO:colcon.colcon_core.shell:Creating environment hook '/home/eugene/auvc_ws/src/teamcream/install/teamcream/share/teamcream/hook/pythonpath.sh'
[9.121s] Level 1:colcon.colcon_core.environment:checking '/home/eugene/auvc_ws/src/teamcream/install/teamcream/bin'
[9.122s] Level 1:colcon.colcon_core.environment:create_environment_scripts_only(teamcream)
[9.123s] INFO:colcon.colcon_core.shell:Creating package script '/home/eugene/auvc_ws/src/teamcream/install/teamcream/share/teamcream/package.ps1'
[9.126s] INFO:colcon.colcon_core.shell:Creating package descriptor '/home/eugene/auvc_ws/src/teamcream/install/teamcream/share/teamcream/package.dsv'
[9.129s] INFO:colcon.colcon_core.shell:Creating package script '/home/eugene/auvc_ws/src/teamcream/install/teamcream/share/teamcream/package.sh'
[9.132s] INFO:colcon.colcon_core.shell:Creating package script '/home/eugene/auvc_ws/src/teamcream/install/teamcream/share/teamcream/package.bash'
[9.136s] INFO:colcon.colcon_core.shell:Creating package script '/home/eugene/auvc_ws/src/teamcream/install/teamcream/share/teamcream/package.zsh'
[9.138s] Level 1:colcon.colcon_core.environment:create_file_with_runtime_dependencies(/home/eugene/auvc_ws/src/teamcream/install/teamcream/share/colcon-core/packages/teamcream)
[9.140s] DEBUG:colcon.colcon_parallel_executor.executor.parallel:closing loop
[9.141s] DEBUG:colcon.colcon_parallel_executor.executor.parallel:loop closed
[9.143s] DEBUG:colcon.colcon_parallel_executor.executor.parallel:run_until_complete finished with '0'
[9.144s] DEBUG:colcon.colcon_core.event_reactor:joining thread
[9.177s] INFO:colcon.colcon_core.plugin_system:Skipping extension 'colcon_notification.desktop_notification.notify_send': Could not find 'notify-send'
[9.178s] INFO:colcon.colcon_core.plugin_system:Skipping extension 'colcon_notification.desktop_notification.terminal_notifier': Not used on non-Darwin systems
[9.178s] INFO:colcon.colcon_core.plugin_system:Skipping extension 'colcon_notification.desktop_notification.win32': Not used on non-Windows systems
[9.178s] INFO:colcon.colcon_notification.desktop_notification:Sending desktop notification using 'notify2'
[9.182s] DEBUG:colcon.colcon_notification.desktop_notification.notify2:Failed to initialize notify2: org.freedesktop.DBus.Error.ServiceUnknown: The name org.freedesktop.Notifications was not provided by any .service files
[9.182s] DEBUG:colcon.colcon_core.event_reactor:joined thread
[9.183s] INFO:colcon.colcon_core.shell:Creating prefix script '/home/eugene/auvc_ws/src/teamcream/install/local_setup.ps1'
[9.187s] INFO:colcon.colcon_core.shell:Creating prefix util module '/home/eugene/auvc_ws/src/teamcream/install/_local_setup_util_ps1.py'
[9.192s] INFO:colcon.colcon_core.shell:Creating prefix chain script '/home/eugene/auvc_ws/src/teamcream/install/setup.ps1'
[9.198s] INFO:colcon.colcon_core.shell:Creating prefix script '/home/eugene/auvc_ws/src/teamcream/install/local_setup.sh'
[9.200s] INFO:colcon.colcon_core.shell:Creating prefix util module '/home/eugene/auvc_ws/src/teamcream/install/_local_setup_util_sh.py'
[9.203s] INFO:colcon.colcon_core.shell:Creating prefix chain script '/home/eugene/auvc_ws/src/teamcream/install/setup.sh'
[9.211s] INFO:colcon.colcon_core.shell:Creating prefix script '/home/eugene/auvc_ws/src/teamcream/install/local_setup.bash'
[9.213s] INFO:colcon.colcon_core.shell:Creating prefix chain script '/home/eugene/auvc_ws/src/teamcream/install/setup.bash'
[9.219s] INFO:colcon.colcon_core.shell:Creating prefix script '/home/eugene/auvc_ws/src/teamcream/install/local_setup.zsh'
[9.222s] INFO:colcon.colcon_core.shell:Creating prefix chain script '/home/eugene/auvc_ws/src/teamcream/install/setup.zsh'
