running egg_info
creating build/teamcream/teamcream.egg-info
writing build/teamcream/teamcream.egg-info/PKG-INFO
writing dependency_links to build/teamcream/teamcream.egg-info/dependency_links.txt
writing entry points to build/teamcream/teamcream.egg-info/entry_points.txt
writing requirements to build/teamcream/teamcream.egg-info/requires.txt
writing top-level names to build/teamcream/teamcream.egg-info/top_level.txt
writing manifest file 'build/teamcream/teamcream.egg-info/SOURCES.txt'
reading manifest file 'build/teamcream/teamcream.egg-info/SOURCES.txt'
writing manifest file 'build/teamcream/teamcream.egg-info/SOURCES.txt'
running build
running build_py
creating /home/eugene/auvc_ws/src/teamcream/build/teamcream/build
creating /home/eugene/auvc_ws/src/teamcream/build/teamcream/build/lib
creating /home/eugene/auvc_ws/src/teamcream/build/teamcream/build/lib/teamcream
copying teamcream/imagedetection.py -> /home/eugene/auvc_ws/src/teamcream/build/teamcream/build/lib/teamcream
copying teamcream/depthhold.py -> /home/eugene/auvc_ws/src/teamcream/build/teamcream/build/lib/teamcream
copying teamcream/headingcontrol.py -> /home/eugene/auvc_ws/src/teamcream/build/teamcream/build/lib/teamcream
copying teamcream/apriltag_z_output.py -> /home/eugene/auvc_ws/src/teamcream/build/teamcream/build/lib/teamcream
copying teamcream/apriltag_r_output.py -> /home/eugene/auvc_ws/src/teamcream/build/teamcream/build/lib/teamcream
copying teamcream/LaneFollowingY.py -> /home/eugene/auvc_ws/src/teamcream/build/teamcream/build/lib/teamcream
copying teamcream/LaneFollowingR.py -> /home/eugene/auvc_ws/src/teamcream/build/teamcream/build/lib/teamcream
copying teamcream/apriltag_detection.py -> /home/eugene/auvc_ws/src/teamcream/build/teamcream/build/lib/teamcream
copying teamcream/controlMsgPub.py -> /home/eugene/auvc_ws/src/teamcream/build/teamcream/build/lib/teamcream
copying teamcream/calcdepth.py -> /home/eugene/auvc_ws/src/teamcream/build/teamcream/build/lib/teamcream
copying teamcream/apriltag_x_output.py -> /home/eugene/auvc_ws/src/teamcream/build/teamcream/build/lib/teamcream
copying teamcream/apriltag_output_pub.py -> /home/eugene/auvc_ws/src/teamcream/build/teamcream/build/lib/teamcream
copying teamcream/bluerov2_sensors.py -> /home/eugene/auvc_ws/src/teamcream/build/teamcream/build/lib/teamcream
copying teamcream/forward_move.py -> /home/eugene/auvc_ws/src/teamcream/build/teamcream/build/lib/teamcream
copying teamcream/LaneFollowingOutput.py -> /home/eugene/auvc_ws/src/teamcream/build/teamcream/build/lib/teamcream
copying teamcream/Dance.py -> /home/eugene/auvc_ws/src/teamcream/build/teamcream/build/lib/teamcream
copying teamcream/apriltag_y_output.py -> /home/eugene/auvc_ws/src/teamcream/build/teamcream/build/lib/teamcream
copying teamcream/lane_detection.py -> /home/eugene/auvc_ws/src/teamcream/build/teamcream/build/lib/teamcream
copying teamcream/ArmClient.py -> /home/eugene/auvc_ws/src/teamcream/build/teamcream/build/lib/teamcream
copying teamcream/__init__.py -> /home/eugene/auvc_ws/src/teamcream/build/teamcream/build/lib/teamcream
running install
running install_lib
creating /home/eugene/auvc_ws/src/teamcream/install/teamcream/lib/python3.12/site-packages/teamcream
copying /home/eugene/auvc_ws/src/teamcream/build/teamcream/build/lib/teamcream/imagedetection.py -> /home/eugene/auvc_ws/src/teamcream/install/teamcream/lib/python3.12/site-packages/teamcream
copying /home/eugene/auvc_ws/src/teamcream/build/teamcream/build/lib/teamcream/depthhold.py -> /home/eugene/auvc_ws/src/teamcream/install/teamcream/lib/python3.12/site-packages/teamcream
copying /home/eugene/auvc_ws/src/teamcream/build/teamcream/build/lib/teamcream/headingcontrol.py -> /home/eugene/auvc_ws/src/teamcream/install/teamcream/lib/python3.12/site-packages/teamcream
copying /home/eugene/auvc_ws/src/teamcream/build/teamcream/build/lib/teamcream/apriltag_z_output.py -> /home/eugene/auvc_ws/src/teamcream/install/teamcream/lib/python3.12/site-packages/teamcream
copying /home/eugene/auvc_ws/src/teamcream/build/teamcream/build/lib/teamcream/apriltag_r_output.py -> /home/eugene/auvc_ws/src/teamcream/install/teamcream/lib/python3.12/site-packages/teamcream
copying /home/eugene/auvc_ws/src/teamcream/build/teamcream/build/lib/teamcream/LaneFollowingY.py -> /home/eugene/auvc_ws/src/teamcream/install/teamcream/lib/python3.12/site-packages/teamcream
copying /home/eugene/auvc_ws/src/teamcream/build/teamcream/build/lib/teamcream/LaneFollowingR.py -> /home/eugene/auvc_ws/src/teamcream/install/teamcream/lib/python3.12/site-packages/teamcream
copying /home/eugene/auvc_ws/src/teamcream/build/teamcream/build/lib/teamcream/apriltag_detection.py -> /home/eugene/auvc_ws/src/teamcream/install/teamcream/lib/python3.12/site-packages/teamcream
copying /home/eugene/auvc_ws/src/teamcream/build/teamcream/build/lib/teamcream/controlMsgPub.py -> /home/eugene/auvc_ws/src/teamcream/install/teamcream/lib/python3.12/site-packages/teamcream
copying /home/eugene/auvc_ws/src/teamcream/build/teamcream/build/lib/teamcream/calcdepth.py -> /home/eugene/auvc_ws/src/teamcream/install/teamcream/lib/python3.12/site-packages/teamcream
copying /home/eugene/auvc_ws/src/teamcream/build/teamcream/build/lib/teamcream/apriltag_x_output.py -> /home/eugene/auvc_ws/src/teamcream/install/teamcream/lib/python3.12/site-packages/teamcream
copying /home/eugene/auvc_ws/src/teamcream/build/teamcream/build/lib/teamcream/apriltag_output_pub.py -> /home/eugene/auvc_ws/src/teamcream/install/teamcream/lib/python3.12/site-packages/teamcream
copying /home/eugene/auvc_ws/src/teamcream/build/teamcream/build/lib/teamcream/bluerov2_sensors.py -> /home/eugene/auvc_ws/src/teamcream/install/teamcream/lib/python3.12/site-packages/teamcream
copying /home/eugene/auvc_ws/src/teamcream/build/teamcream/build/lib/teamcream/forward_move.py -> /home/eugene/auvc_ws/src/teamcream/install/teamcream/lib/python3.12/site-packages/teamcream
copying /home/eugene/auvc_ws/src/teamcream/build/teamcream/build/lib/teamcream/LaneFollowingOutput.py -> /home/eugene/auvc_ws/src/teamcream/install/teamcream/lib/python3.12/site-packages/teamcream
copying /home/eugene/auvc_ws/src/teamcream/build/teamcream/build/lib/teamcream/Dance.py -> /home/eugene/auvc_ws/src/teamcream/install/teamcream/lib/python3.12/site-packages/teamcream
copying /home/eugene/auvc_ws/src/teamcream/build/teamcream/build/lib/teamcream/apriltag_y_output.py -> /home/eugene/auvc_ws/src/teamcream/install/teamcream/lib/python3.12/site-packages/teamcream
copying /home/eugene/auvc_ws/src/teamcream/build/teamcream/build/lib/teamcream/lane_detection.py -> /home/eugene/auvc_ws/src/teamcream/install/teamcream/lib/python3.12/site-packages/teamcream
copying /home/eugene/auvc_ws/src/teamcream/build/teamcream/build/lib/teamcream/ArmClient.py -> /home/eugene/auvc_ws/src/teamcream/install/teamcream/lib/python3.12/site-packages/teamcream
copying /home/eugene/auvc_ws/src/teamcream/build/teamcream/build/lib/teamcream/__init__.py -> /home/eugene/auvc_ws/src/teamcream/install/teamcream/lib/python3.12/site-packages/teamcream
byte-compiling /home/eugene/auvc_ws/src/teamcream/install/teamcream/lib/python3.12/site-packages/teamcream/imagedetection.py to imagedetection.cpython-312.pyc
byte-compiling /home/eugene/auvc_ws/src/teamcream/install/teamcream/lib/python3.12/site-packages/teamcream/depthhold.py to depthhold.cpython-312.pyc
byte-compiling /home/eugene/auvc_ws/src/teamcream/install/teamcream/lib/python3.12/site-packages/teamcream/headingcontrol.py to headingcontrol.cpython-312.pyc
byte-compiling /home/eugene/auvc_ws/src/teamcream/install/teamcream/lib/python3.12/site-packages/teamcream/apriltag_z_output.py to apriltag_z_output.cpython-312.pyc
byte-compiling /home/eugene/auvc_ws/src/teamcream/install/teamcream/lib/python3.12/site-packages/teamcream/apriltag_r_output.py to apriltag_r_output.cpython-312.pyc
byte-compiling /home/eugene/auvc_ws/src/teamcream/install/teamcream/lib/python3.12/site-packages/teamcream/LaneFollowingY.py to LaneFollowingY.cpython-312.pyc
byte-compiling /home/eugene/auvc_ws/src/teamcream/install/teamcream/lib/python3.12/site-packages/teamcream/LaneFollowingR.py to LaneFollowingR.cpython-312.pyc
byte-compiling /home/eugene/auvc_ws/src/teamcream/install/teamcream/lib/python3.12/site-packages/teamcream/apriltag_detection.py to apriltag_detection.cpython-312.pyc
byte-compiling /home/eugene/auvc_ws/src/teamcream/install/teamcream/lib/python3.12/site-packages/teamcream/controlMsgPub.py to controlMsgPub.cpython-312.pyc
byte-compiling /home/eugene/auvc_ws/src/teamcream/install/teamcream/lib/python3.12/site-packages/teamcream/calcdepth.py to calcdepth.cpython-312.pyc
byte-compiling /home/eugene/auvc_ws/src/teamcream/install/teamcream/lib/python3.12/site-packages/teamcream/apriltag_x_output.py to apriltag_x_output.cpython-312.pyc
byte-compiling /home/eugene/auvc_ws/src/teamcream/install/teamcream/lib/python3.12/site-packages/teamcream/apriltag_output_pub.py to apriltag_output_pub.cpython-312.pyc
byte-compiling /home/eugene/auvc_ws/src/teamcream/install/teamcream/lib/python3.12/site-packages/teamcream/bluerov2_sensors.py to bluerov2_sensors.cpython-312.pyc
byte-compiling /home/eugene/auvc_ws/src/teamcream/install/teamcream/lib/python3.12/site-packages/teamcream/forward_move.py to forward_move.cpython-312.pyc
byte-compiling /home/eugene/auvc_ws/src/teamcream/install/teamcream/lib/python3.12/site-packages/teamcream/LaneFollowingOutput.py to LaneFollowingOutput.cpython-312.pyc
byte-compiling /home/eugene/auvc_ws/src/teamcream/install/teamcream/lib/python3.12/site-packages/teamcream/Dance.py to Dance.cpython-312.pyc
byte-compiling /home/eugene/auvc_ws/src/teamcream/install/teamcream/lib/python3.12/site-packages/teamcream/apriltag_y_output.py to apriltag_y_output.cpython-312.pyc
byte-compiling /home/eugene/auvc_ws/src/teamcream/install/teamcream/lib/python3.12/site-packages/teamcream/lane_detection.py to lane_detection.cpython-312.pyc
byte-compiling /home/eugene/auvc_ws/src/teamcream/install/teamcream/lib/python3.12/site-packages/teamcream/ArmClient.py to ArmClient.cpython-312.pyc
byte-compiling /home/eugene/auvc_ws/src/teamcream/install/teamcream/lib/python3.12/site-packages/teamcream/__init__.py to __init__.cpython-312.pyc
running install_data
creating /home/eugene/auvc_ws/src/teamcream/install/teamcream/share/ament_index
creating /home/eugene/auvc_ws/src/teamcream/install/teamcream/share/ament_index/resource_index
creating /home/eugene/auvc_ws/src/teamcream/install/teamcream/share/ament_index/resource_index/packages
copying resource/teamcream -> /home/eugene/auvc_ws/src/teamcream/install/teamcream/share/ament_index/resource_index/packages
copying package.xml -> /home/eugene/auvc_ws/src/teamcream/install/teamcream/share/teamcream
creating /home/eugene/auvc_ws/src/teamcream/install/teamcream/share/teamcream/launch
copying launch/depthheadinghold.launch.yaml -> /home/eugene/auvc_ws/src/teamcream/install/teamcream/share/teamcream/launch
copying launch/lanefollow.launch.yaml -> /home/eugene/auvc_ws/src/teamcream/install/teamcream/share/teamcream/launch
copying launch/apriltag_follow.launch.yaml -> /home/eugene/auvc_ws/src/teamcream/install/teamcream/share/teamcream/launch
running install_egg_info
Copying build/teamcream/teamcream.egg-info to /home/eugene/auvc_ws/src/teamcream/install/teamcream/lib/python3.12/site-packages/teamcream-0.0.0-py3.12.egg-info
running install_scripts
Installing ArmClient script to /home/eugene/auvc_ws/src/teamcream/install/teamcream/lib/teamcream
Installing Dance script to /home/eugene/auvc_ws/src/teamcream/install/teamcream/lib/teamcream
Installing LaneFollowingOutput script to /home/eugene/auvc_ws/src/teamcream/install/teamcream/lib/teamcream
Installing LaneFollowingR script to /home/eugene/auvc_ws/src/teamcream/install/teamcream/lib/teamcream
Installing LaneFollowingY script to /home/eugene/auvc_ws/src/teamcream/install/teamcream/lib/teamcream
Installing apriltag_detection script to /home/eugene/auvc_ws/src/teamcream/install/teamcream/lib/teamcream
Installing apriltag_output_pub script to /home/eugene/auvc_ws/src/teamcream/install/teamcream/lib/teamcream
Installing apriltag_r_output script to /home/eugene/auvc_ws/src/teamcream/install/teamcream/lib/teamcream
Installing apriltag_x_output script to /home/eugene/auvc_ws/src/teamcream/install/teamcream/lib/teamcream
Installing apriltag_y_output script to /home/eugene/auvc_ws/src/teamcream/install/teamcream/lib/teamcream
Installing apriltag_z_output script to /home/eugene/auvc_ws/src/teamcream/install/teamcream/lib/teamcream
Installing bluerov2_sensors script to /home/eugene/auvc_ws/src/teamcream/install/teamcream/lib/teamcream
Installing calcdepth script to /home/eugene/auvc_ws/src/teamcream/install/teamcream/lib/teamcream
Installing controlMsgPub script to /home/eugene/auvc_ws/src/teamcream/install/teamcream/lib/teamcream
Installing depthhold script to /home/eugene/auvc_ws/src/teamcream/install/teamcream/lib/teamcream
Installing forward_move script to /home/eugene/auvc_ws/src/teamcream/install/teamcream/lib/teamcream
Installing headingcontrol script to /home/eugene/auvc_ws/src/teamcream/install/teamcream/lib/teamcream
Installing imagedetection script to /home/eugene/auvc_ws/src/teamcream/install/teamcream/lib/teamcream
writing list of installed files to '/home/eugene/auvc_ws/src/teamcream/build/teamcream/install.log'
