[4.586s] Invoking command in '/home/eugene/auvc_ws/src/teamcream': PYTHONPATH=/home/eugene/auvc_ws/src/teamcream/build/teamcream/prefix_override:/usr/lib/python3/dist-packages/colcon_core/task/python/colcon_distutils_commands:/home/eugene/auvc_ws/src/teamcream/install/teamcream/lib/python3.12/site-packages:${PYTHONPATH} /usr/bin/python3 -W ignore:setup.py install is deprecated -W ignore:easy_install command is deprecated setup.py egg_info --egg-base build/teamcream build --build-base /home/eugene/auvc_ws/src/teamcream/build/teamcream/build install --record /home/eugene/auvc_ws/src/teamcream/build/teamcream/install.log --single-version-externally-managed install_data
[6.033s] running egg_info
[6.034s] creating build/teamcream/teamcream.egg-info
[6.627s] writing build/teamcream/teamcream.egg-info/PKG-INFO
[6.629s] writing dependency_links to build/teamcream/teamcream.egg-info/dependency_links.txt
[6.630s] writing entry points to build/teamcream/teamcream.egg-info/entry_points.txt
[6.631s] writing requirements to build/teamcream/teamcream.egg-info/requires.txt
[6.632s] writing top-level names to build/teamcream/teamcream.egg-info/top_level.txt
[6.632s] writing manifest file 'build/teamcream/teamcream.egg-info/SOURCES.txt'
[6.920s] reading manifest file 'build/teamcream/teamcream.egg-info/SOURCES.txt'
[6.923s] writing manifest file 'build/teamcream/teamcream.egg-info/SOURCES.txt'
[6.924s] running build
[6.924s] running build_py
[6.926s] creating /home/eugene/auvc_ws/src/teamcream/build/teamcream/build
[6.926s] creating /home/eugene/auvc_ws/src/teamcream/build/teamcream/build/lib
[6.927s] creating /home/eugene/auvc_ws/src/teamcream/build/teamcream/build/lib/teamcream
[6.928s] copying teamcream/imagedetection.py -> /home/eugene/auvc_ws/src/teamcream/build/teamcream/build/lib/teamcream
[6.928s] copying teamcream/depthhold.py -> /home/eugene/auvc_ws/src/teamcream/build/teamcream/build/lib/teamcream
[6.929s] copying teamcream/headingcontrol.py -> /home/eugene/auvc_ws/src/teamcream/build/teamcream/build/lib/teamcream
[6.930s] copying teamcream/apriltag_z_output.py -> /home/eugene/auvc_ws/src/teamcream/build/teamcream/build/lib/teamcream
[6.931s] copying teamcream/apriltag_r_output.py -> /home/eugene/auvc_ws/src/teamcream/build/teamcream/build/lib/teamcream
[6.931s] copying teamcream/LaneFollowingY.py -> /home/eugene/auvc_ws/src/teamcream/build/teamcream/build/lib/teamcream
[6.933s] copying teamcream/LaneFollowingR.py -> /home/eugene/auvc_ws/src/teamcream/build/teamcream/build/lib/teamcream
[6.934s] copying teamcream/apriltag_detection.py -> /home/eugene/auvc_ws/src/teamcream/build/teamcream/build/lib/teamcream
[6.935s] copying teamcream/controlMsgPub.py -> /home/eugene/auvc_ws/src/teamcream/build/teamcream/build/lib/teamcream
[6.936s] copying teamcream/calcdepth.py -> /home/eugene/auvc_ws/src/teamcream/build/teamcream/build/lib/teamcream
[6.937s] copying teamcream/apriltag_x_output.py -> /home/eugene/auvc_ws/src/teamcream/build/teamcream/build/lib/teamcream
[6.938s] copying teamcream/apriltag_output_pub.py -> /home/eugene/auvc_ws/src/teamcream/build/teamcream/build/lib/teamcream
[6.939s] copying teamcream/bluerov2_sensors.py -> /home/eugene/auvc_ws/src/teamcream/build/teamcream/build/lib/teamcream
[6.940s] copying teamcream/forward_move.py -> /home/eugene/auvc_ws/src/teamcream/build/teamcream/build/lib/teamcream
[6.941s] copying teamcream/LaneFollowingOutput.py -> /home/eugene/auvc_ws/src/teamcream/build/teamcream/build/lib/teamcream
[6.942s] copying teamcream/Dance.py -> /home/eugene/auvc_ws/src/teamcream/build/teamcream/build/lib/teamcream
[6.943s] copying teamcream/apriltag_y_output.py -> /home/eugene/auvc_ws/src/teamcream/build/teamcream/build/lib/teamcream
[6.944s] copying teamcream/lane_detection.py -> /home/eugene/auvc_ws/src/teamcream/build/teamcream/build/lib/teamcream
[6.945s] copying teamcream/ArmClient.py -> /home/eugene/auvc_ws/src/teamcream/build/teamcream/build/lib/teamcream
[6.947s] copying teamcream/__init__.py -> /home/eugene/auvc_ws/src/teamcream/build/teamcream/build/lib/teamcream
[6.949s] running install
[6.976s] running install_lib
[7.095s] creating /home/eugene/auvc_ws/src/teamcream/install/teamcream/lib/python3.12/site-packages/teamcream
[7.095s] copying /home/eugene/auvc_ws/src/teamcream/build/teamcream/build/lib/teamcream/imagedetection.py -> /home/eugene/auvc_ws/src/teamcream/install/teamcream/lib/python3.12/site-packages/teamcream
[7.096s] copying /home/eugene/auvc_ws/src/teamcream/build/teamcream/build/lib/teamcream/depthhold.py -> /home/eugene/auvc_ws/src/teamcream/install/teamcream/lib/python3.12/site-packages/teamcream
[7.097s] copying /home/eugene/auvc_ws/src/teamcream/build/teamcream/build/lib/teamcream/headingcontrol.py -> /home/eugene/auvc_ws/src/teamcream/install/teamcream/lib/python3.12/site-packages/teamcream
[7.098s] copying /home/eugene/auvc_ws/src/teamcream/build/teamcream/build/lib/teamcream/apriltag_z_output.py -> /home/eugene/auvc_ws/src/teamcream/install/teamcream/lib/python3.12/site-packages/teamcream
[7.099s] copying /home/eugene/auvc_ws/src/teamcream/build/teamcream/build/lib/teamcream/apriltag_r_output.py -> /home/eugene/auvc_ws/src/teamcream/install/teamcream/lib/python3.12/site-packages/teamcream
[7.099s] copying /home/eugene/auvc_ws/src/teamcream/build/teamcream/build/lib/teamcream/LaneFollowingY.py -> /home/eugene/auvc_ws/src/teamcream/install/teamcream/lib/python3.12/site-packages/teamcream
[7.100s] copying /home/eugene/auvc_ws/src/teamcream/build/teamcream/build/lib/teamcream/LaneFollowingR.py -> /home/eugene/auvc_ws/src/teamcream/install/teamcream/lib/python3.12/site-packages/teamcream
[7.101s] copying /home/eugene/auvc_ws/src/teamcream/build/teamcream/build/lib/teamcream/apriltag_detection.py -> /home/eugene/auvc_ws/src/teamcream/install/teamcream/lib/python3.12/site-packages/teamcream
[7.102s] copying /home/eugene/auvc_ws/src/teamcream/build/teamcream/build/lib/teamcream/controlMsgPub.py -> /home/eugene/auvc_ws/src/teamcream/install/teamcream/lib/python3.12/site-packages/teamcream
[7.103s] copying /home/eugene/auvc_ws/src/teamcream/build/teamcream/build/lib/teamcream/calcdepth.py -> /home/eugene/auvc_ws/src/teamcream/install/teamcream/lib/python3.12/site-packages/teamcream
[7.103s] copying /home/eugene/auvc_ws/src/teamcream/build/teamcream/build/lib/teamcream/apriltag_x_output.py -> /home/eugene/auvc_ws/src/teamcream/install/teamcream/lib/python3.12/site-packages/teamcream
[7.104s] copying /home/eugene/auvc_ws/src/teamcream/build/teamcream/build/lib/teamcream/apriltag_output_pub.py -> /home/eugene/auvc_ws/src/teamcream/install/teamcream/lib/python3.12/site-packages/teamcream
[7.105s] copying /home/eugene/auvc_ws/src/teamcream/build/teamcream/build/lib/teamcream/bluerov2_sensors.py -> /home/eugene/auvc_ws/src/teamcream/install/teamcream/lib/python3.12/site-packages/teamcream
[7.106s] copying /home/eugene/auvc_ws/src/teamcream/build/teamcream/build/lib/teamcream/forward_move.py -> /home/eugene/auvc_ws/src/teamcream/install/teamcream/lib/python3.12/site-packages/teamcream
[7.107s] copying /home/eugene/auvc_ws/src/teamcream/build/teamcream/build/lib/teamcream/LaneFollowingOutput.py -> /home/eugene/auvc_ws/src/teamcream/install/teamcream/lib/python3.12/site-packages/teamcream
[7.108s] copying /home/eugene/auvc_ws/src/teamcream/build/teamcream/build/lib/teamcream/Dance.py -> /home/eugene/auvc_ws/src/teamcream/install/teamcream/lib/python3.12/site-packages/teamcream
[7.109s] copying /home/eugene/auvc_ws/src/teamcream/build/teamcream/build/lib/teamcream/apriltag_y_output.py -> /home/eugene/auvc_ws/src/teamcream/install/teamcream/lib/python3.12/site-packages/teamcream
[7.110s] copying /home/eugene/auvc_ws/src/teamcream/build/teamcream/build/lib/teamcream/lane_detection.py -> /home/eugene/auvc_ws/src/teamcream/install/teamcream/lib/python3.12/site-packages/teamcream
[7.111s] copying /home/eugene/auvc_ws/src/teamcream/build/teamcream/build/lib/teamcream/ArmClient.py -> /home/eugene/auvc_ws/src/teamcream/install/teamcream/lib/python3.12/site-packages/teamcream
[7.112s] copying /home/eugene/auvc_ws/src/teamcream/build/teamcream/build/lib/teamcream/__init__.py -> /home/eugene/auvc_ws/src/teamcream/install/teamcream/lib/python3.12/site-packages/teamcream
[7.115s] byte-compiling /home/eugene/auvc_ws/src/teamcream/install/teamcream/lib/python3.12/site-packages/teamcream/imagedetection.py to imagedetection.cpython-312.pyc
[7.121s] byte-compiling /home/eugene/auvc_ws/src/teamcream/install/teamcream/lib/python3.12/site-packages/teamcream/depthhold.py to depthhold.cpython-312.pyc
[7.126s] byte-compiling /home/eugene/auvc_ws/src/teamcream/install/teamcream/lib/python3.12/site-packages/teamcream/headingcontrol.py to headingcontrol.cpython-312.pyc
[7.134s] byte-compiling /home/eugene/auvc_ws/src/teamcream/install/teamcream/lib/python3.12/site-packages/teamcream/apriltag_z_output.py to apriltag_z_output.cpython-312.pyc
[7.135s] byte-compiling /home/eugene/auvc_ws/src/teamcream/install/teamcream/lib/python3.12/site-packages/teamcream/apriltag_r_output.py to apriltag_r_output.cpython-312.pyc
[7.139s] byte-compiling /home/eugene/auvc_ws/src/teamcream/install/teamcream/lib/python3.12/site-packages/teamcream/LaneFollowingY.py to LaneFollowingY.cpython-312.pyc
[7.143s] byte-compiling /home/eugene/auvc_ws/src/teamcream/install/teamcream/lib/python3.12/site-packages/teamcream/LaneFollowingR.py to LaneFollowingR.cpython-312.pyc
[7.148s] byte-compiling /home/eugene/auvc_ws/src/teamcream/install/teamcream/lib/python3.12/site-packages/teamcream/apriltag_detection.py to apriltag_detection.cpython-312.pyc
[7.157s] byte-compiling /home/eugene/auvc_ws/src/teamcream/install/teamcream/lib/python3.12/site-packages/teamcream/controlMsgPub.py to controlMsgPub.cpython-312.pyc
[7.164s] byte-compiling /home/eugene/auvc_ws/src/teamcream/install/teamcream/lib/python3.12/site-packages/teamcream/calcdepth.py to calcdepth.cpython-312.pyc
[7.170s] byte-compiling /home/eugene/auvc_ws/src/teamcream/install/teamcream/lib/python3.12/site-packages/teamcream/apriltag_x_output.py to apriltag_x_output.cpython-312.pyc
[7.172s] byte-compiling /home/eugene/auvc_ws/src/teamcream/install/teamcream/lib/python3.12/site-packages/teamcream/apriltag_output_pub.py to apriltag_output_pub.cpython-312.pyc
[7.177s] byte-compiling /home/eugene/auvc_ws/src/teamcream/install/teamcream/lib/python3.12/site-packages/teamcream/bluerov2_sensors.py to bluerov2_sensors.cpython-312.pyc
[7.185s] byte-compiling /home/eugene/auvc_ws/src/teamcream/install/teamcream/lib/python3.12/site-packages/teamcream/forward_move.py to forward_move.cpython-312.pyc
[7.189s] byte-compiling /home/eugene/auvc_ws/src/teamcream/install/teamcream/lib/python3.12/site-packages/teamcream/LaneFollowingOutput.py to LaneFollowingOutput.cpython-312.pyc
[7.193s] byte-compiling /home/eugene/auvc_ws/src/teamcream/install/teamcream/lib/python3.12/site-packages/teamcream/Dance.py to Dance.cpython-312.pyc
[7.208s] byte-compiling /home/eugene/auvc_ws/src/teamcream/install/teamcream/lib/python3.12/site-packages/teamcream/apriltag_y_output.py to apriltag_y_output.cpython-312.pyc
[7.212s] byte-compiling /home/eugene/auvc_ws/src/teamcream/install/teamcream/lib/python3.12/site-packages/teamcream/lane_detection.py to lane_detection.cpython-312.pyc
[7.231s] byte-compiling /home/eugene/auvc_ws/src/teamcream/install/teamcream/lib/python3.12/site-packages/teamcream/ArmClient.py to ArmClient.cpython-312.pyc
[7.235s] byte-compiling /home/eugene/auvc_ws/src/teamcream/install/teamcream/lib/python3.12/site-packages/teamcream/__init__.py to __init__.cpython-312.pyc
[7.236s] running install_data
[7.237s] creating /home/eugene/auvc_ws/src/teamcream/install/teamcream/share/ament_index
[7.238s] creating /home/eugene/auvc_ws/src/teamcream/install/teamcream/share/ament_index/resource_index
[7.238s] creating /home/eugene/auvc_ws/src/teamcream/install/teamcream/share/ament_index/resource_index/packages
[7.239s] copying resource/teamcream -> /home/eugene/auvc_ws/src/teamcream/install/teamcream/share/ament_index/resource_index/packages
[7.240s] copying package.xml -> /home/eugene/auvc_ws/src/teamcream/install/teamcream/share/teamcream
[7.241s] creating /home/eugene/auvc_ws/src/teamcream/install/teamcream/share/teamcream/launch
[7.242s] copying launch/depthheadinghold.launch.yaml -> /home/eugene/auvc_ws/src/teamcream/install/teamcream/share/teamcream/launch
[7.243s] copying launch/lanefollow.launch.yaml -> /home/eugene/auvc_ws/src/teamcream/install/teamcream/share/teamcream/launch
[7.244s] copying launch/apriltag_follow.launch.yaml -> /home/eugene/auvc_ws/src/teamcream/install/teamcream/share/teamcream/launch
[7.245s] running install_egg_info
[7.376s] Copying build/teamcream/teamcream.egg-info to /home/eugene/auvc_ws/src/teamcream/install/teamcream/lib/python3.12/site-packages/teamcream-0.0.0-py3.12.egg-info
[7.382s] running install_scripts
[7.698s] Installing ArmClient script to /home/eugene/auvc_ws/src/teamcream/install/teamcream/lib/teamcream
[7.699s] Installing Dance script to /home/eugene/auvc_ws/src/teamcream/install/teamcream/lib/teamcream
[7.701s] Installing LaneFollowingOutput script to /home/eugene/auvc_ws/src/teamcream/install/teamcream/lib/teamcream
[7.702s] Installing LaneFollowingR script to /home/eugene/auvc_ws/src/teamcream/install/teamcream/lib/teamcream
[7.704s] Installing LaneFollowingY script to /home/eugene/auvc_ws/src/teamcream/install/teamcream/lib/teamcream
[7.706s] Installing apriltag_detection script to /home/eugene/auvc_ws/src/teamcream/install/teamcream/lib/teamcream
[7.709s] Installing apriltag_output_pub script to /home/eugene/auvc_ws/src/teamcream/install/teamcream/lib/teamcream
[7.709s] Installing apriltag_r_output script to /home/eugene/auvc_ws/src/teamcream/install/teamcream/lib/teamcream
[7.712s] Installing apriltag_x_output script to /home/eugene/auvc_ws/src/teamcream/install/teamcream/lib/teamcream
[7.715s] Installing apriltag_y_output script to /home/eugene/auvc_ws/src/teamcream/install/teamcream/lib/teamcream
[7.718s] Installing apriltag_z_output script to /home/eugene/auvc_ws/src/teamcream/install/teamcream/lib/teamcream
[7.718s] Installing bluerov2_sensors script to /home/eugene/auvc_ws/src/teamcream/install/teamcream/lib/teamcream
[7.719s] Installing calcdepth script to /home/eugene/auvc_ws/src/teamcream/install/teamcream/lib/teamcream
[7.720s] Installing controlMsgPub script to /home/eugene/auvc_ws/src/teamcream/install/teamcream/lib/teamcream
[7.722s] Installing depthhold script to /home/eugene/auvc_ws/src/teamcream/install/teamcream/lib/teamcream
[7.724s] Installing forward_move script to /home/eugene/auvc_ws/src/teamcream/install/teamcream/lib/teamcream
[7.726s] Installing headingcontrol script to /home/eugene/auvc_ws/src/teamcream/install/teamcream/lib/teamcream
[7.728s] Installing imagedetection script to /home/eugene/auvc_ws/src/teamcream/install/teamcream/lib/teamcream
[7.729s] writing list of installed files to '/home/eugene/auvc_ws/src/teamcream/build/teamcream/install.log'
[7.928s] Invoked command in '/home/eugene/auvc_ws/src/teamcream' returned '0': PYTHONPATH=/home/eugene/auvc_ws/src/teamcream/build/teamcream/prefix_override:/usr/lib/python3/dist-packages/colcon_core/task/python/colcon_distutils_commands:/home/eugene/auvc_ws/src/teamcream/install/teamcream/lib/python3.12/site-packages:${PYTHONPATH} /usr/bin/python3 -W ignore:setup.py install is deprecated -W ignore:easy_install command is deprecated setup.py egg_info --egg-base build/teamcream build --build-base /home/eugene/auvc_ws/src/teamcream/build/teamcream/build install --record /home/eugene/auvc_ws/src/teamcream/build/teamcream/install.log --single-version-externally-managed install_data
