/home/eugene/auvc_ws/src/teamcream/install/teamcream/lib/python3.12/site-packages/teamcream/imagedetection.py
/home/eugene/auvc_ws/src/teamcream/install/teamcream/lib/python3.12/site-packages/teamcream/depthhold.py
/home/eugene/auvc_ws/src/teamcream/install/teamcream/lib/python3.12/site-packages/teamcream/headingcontrol.py
/home/eugene/auvc_ws/src/teamcream/install/teamcream/lib/python3.12/site-packages/teamcream/apriltag_z_output.py
/home/eugene/auvc_ws/src/teamcream/install/teamcream/lib/python3.12/site-packages/teamcream/apriltag_r_output.py
/home/eugene/auvc_ws/src/teamcream/install/teamcream/lib/python3.12/site-packages/teamcream/LaneFollowingY.py
/home/eugene/auvc_ws/src/teamcream/install/teamcream/lib/python3.12/site-packages/teamcream/LaneFollowingR.py
/home/eugene/auvc_ws/src/teamcream/install/teamcream/lib/python3.12/site-packages/teamcream/apriltag_detection.py
/home/eugene/auvc_ws/src/teamcream/install/teamcream/lib/python3.12/site-packages/teamcream/controlMsgPub.py
/home/eugene/auvc_ws/src/teamcream/install/teamcream/lib/python3.12/site-packages/teamcream/calcdepth.py
/home/eugene/auvc_ws/src/teamcream/install/teamcream/lib/python3.12/site-packages/teamcream/apriltag_x_output.py
/home/eugene/auvc_ws/src/teamcream/install/teamcream/lib/python3.12/site-packages/teamcream/apriltag_output_pub.py
/home/eugene/auvc_ws/src/teamcream/install/teamcream/lib/python3.12/site-packages/teamcream/bluerov2_sensors.py
/home/eugene/auvc_ws/src/teamcream/install/teamcream/lib/python3.12/site-packages/teamcream/forward_move.py
/home/eugene/auvc_ws/src/teamcream/install/teamcream/lib/python3.12/site-packages/teamcream/LaneFollowingOutput.py
/home/eugene/auvc_ws/src/teamcream/install/teamcream/lib/python3.12/site-packages/teamcream/Dance.py
/home/eugene/auvc_ws/src/teamcream/install/teamcream/lib/python3.12/site-packages/teamcream/apriltag_y_output.py
/home/eugene/auvc_ws/src/teamcream/install/teamcream/lib/python3.12/site-packages/teamcream/lane_detection.py
/home/eugene/auvc_ws/src/teamcream/install/teamcream/lib/python3.12/site-packages/teamcream/ArmClient.py
/home/eugene/auvc_ws/src/teamcream/install/teamcream/lib/python3.12/site-packages/teamcream/__init__.py
/home/eugene/auvc_ws/src/teamcream/install/teamcream/lib/python3.12/site-packages/teamcream/__pycache__/imagedetection.cpython-312.pyc
/home/eugene/auvc_ws/src/teamcream/install/teamcream/lib/python3.12/site-packages/teamcream/__pycache__/depthhold.cpython-312.pyc
/home/eugene/auvc_ws/src/teamcream/install/teamcream/lib/python3.12/site-packages/teamcream/__pycache__/headingcontrol.cpython-312.pyc
/home/eugene/auvc_ws/src/teamcream/install/teamcream/lib/python3.12/site-packages/teamcream/__pycache__/apriltag_z_output.cpython-312.pyc
/home/eugene/auvc_ws/src/teamcream/install/teamcream/lib/python3.12/site-packages/teamcream/__pycache__/apriltag_r_output.cpython-312.pyc
/home/eugene/auvc_ws/src/teamcream/install/teamcream/lib/python3.12/site-packages/teamcream/__pycache__/LaneFollowingY.cpython-312.pyc
/home/eugene/auvc_ws/src/teamcream/install/teamcream/lib/python3.12/site-packages/teamcream/__pycache__/LaneFollowingR.cpython-312.pyc
/home/eugene/auvc_ws/src/teamcream/install/teamcream/lib/python3.12/site-packages/teamcream/__pycache__/apriltag_detection.cpython-312.pyc
/home/eugene/auvc_ws/src/teamcream/install/teamcream/lib/python3.12/site-packages/teamcream/__pycache__/controlMsgPub.cpython-312.pyc
/home/eugene/auvc_ws/src/teamcream/install/teamcream/lib/python3.12/site-packages/teamcream/__pycache__/calcdepth.cpython-312.pyc
/home/eugene/auvc_ws/src/teamcream/install/teamcream/lib/python3.12/site-packages/teamcream/__pycache__/apriltag_x_output.cpython-312.pyc
/home/eugene/auvc_ws/src/teamcream/install/teamcream/lib/python3.12/site-packages/teamcream/__pycache__/apriltag_output_pub.cpython-312.pyc
/home/eugene/auvc_ws/src/teamcream/install/teamcream/lib/python3.12/site-packages/teamcream/__pycache__/bluerov2_sensors.cpython-312.pyc
/home/eugene/auvc_ws/src/teamcream/install/teamcream/lib/python3.12/site-packages/teamcream/__pycache__/forward_move.cpython-312.pyc
/home/eugene/auvc_ws/src/teamcream/install/teamcream/lib/python3.12/site-packages/teamcream/__pycache__/LaneFollowingOutput.cpython-312.pyc
/home/eugene/auvc_ws/src/teamcream/install/teamcream/lib/python3.12/site-packages/teamcream/__pycache__/Dance.cpython-312.pyc
/home/eugene/auvc_ws/src/teamcream/install/teamcream/lib/python3.12/site-packages/teamcream/__pycache__/apriltag_y_output.cpython-312.pyc
/home/eugene/auvc_ws/src/teamcream/install/teamcream/lib/python3.12/site-packages/teamcream/__pycache__/lane_detection.cpython-312.pyc
/home/eugene/auvc_ws/src/teamcream/install/teamcream/lib/python3.12/site-packages/teamcream/__pycache__/ArmClient.cpython-312.pyc
/home/eugene/auvc_ws/src/teamcream/install/teamcream/lib/python3.12/site-packages/teamcream/__pycache__/__init__.cpython-312.pyc
/home/eugene/auvc_ws/src/teamcream/install/teamcream/share/ament_index/resource_index/packages/teamcream
/home/eugene/auvc_ws/src/teamcream/install/teamcream/share/teamcream/package.xml
/home/eugene/auvc_ws/src/teamcream/install/teamcream/share/teamcream/launch/depthheadinghold.launch.yaml
/home/eugene/auvc_ws/src/teamcream/install/teamcream/share/teamcream/launch/lanefollow.launch.yaml
/home/eugene/auvc_ws/src/teamcream/install/teamcream/share/teamcream/launch/apriltag_follow.launch.yaml
/home/eugene/auvc_ws/src/teamcream/install/teamcream/lib/python3.12/site-packages/teamcream-0.0.0-py3.12.egg-info/SOURCES.txt
/home/eugene/auvc_ws/src/teamcream/install/teamcream/lib/python3.12/site-packages/teamcream-0.0.0-py3.12.egg-info/top_level.txt
/home/eugene/auvc_ws/src/teamcream/install/teamcream/lib/python3.12/site-packages/teamcream-0.0.0-py3.12.egg-info/entry_points.txt
/home/eugene/auvc_ws/src/teamcream/install/teamcream/lib/python3.12/site-packages/teamcream-0.0.0-py3.12.egg-info/zip-safe
/home/eugene/auvc_ws/src/teamcream/install/teamcream/lib/python3.12/site-packages/teamcream-0.0.0-py3.12.egg-info/requires.txt
/home/eugene/auvc_ws/src/teamcream/install/teamcream/lib/python3.12/site-packages/teamcream-0.0.0-py3.12.egg-info/dependency_links.txt
/home/eugene/auvc_ws/src/teamcream/install/teamcream/lib/python3.12/site-packages/teamcream-0.0.0-py3.12.egg-info/PKG-INFO
/home/eugene/auvc_ws/src/teamcream/install/teamcream/lib/teamcream/ArmClient
/home/eugene/auvc_ws/src/teamcream/install/teamcream/lib/teamcream/Dance
/home/eugene/auvc_ws/src/teamcream/install/teamcream/lib/teamcream/LaneFollowingOutput
/home/eugene/auvc_ws/src/teamcream/install/teamcream/lib/teamcream/LaneFollowingR
/home/eugene/auvc_ws/src/teamcream/install/teamcream/lib/teamcream/LaneFollowingY
/home/eugene/auvc_ws/src/teamcream/install/teamcream/lib/teamcream/apriltag_detection
/home/eugene/auvc_ws/src/teamcream/install/teamcream/lib/teamcream/apriltag_output_pub
/home/eugene/auvc_ws/src/teamcream/install/teamcream/lib/teamcream/apriltag_r_output
/home/eugene/auvc_ws/src/teamcream/install/teamcream/lib/teamcream/apriltag_x_output
/home/eugene/auvc_ws/src/teamcream/install/teamcream/lib/teamcream/apriltag_y_output
/home/eugene/auvc_ws/src/teamcream/install/teamcream/lib/teamcream/apriltag_z_output
/home/eugene/auvc_ws/src/teamcream/install/teamcream/lib/teamcream/bluerov2_sensors
/home/eugene/auvc_ws/src/teamcream/install/teamcream/lib/teamcream/calcdepth
/home/eugene/auvc_ws/src/teamcream/install/teamcream/lib/teamcream/controlMsgPub
/home/eugene/auvc_ws/src/teamcream/install/teamcream/lib/teamcream/depthhold
/home/eugene/auvc_ws/src/teamcream/install/teamcream/lib/teamcream/forward_move
/home/eugene/auvc_ws/src/teamcream/install/teamcream/lib/teamcream/headingcontrol
/home/eugene/auvc_ws/src/teamcream/install/teamcream/lib/teamcream/imagedetection
